#
# A fatal error has been detected by the Java Runtime Environment:
#
#  Internal Error (javaClasses.cpp:129), pid=6320, tid=6000
#  fatal error: Invalid layout of preloaded class
#
# JRE version: 7.0_21-b11
# Java VM: Java HotSpot(TM) 64-Bit Server VM (23.21-b01 mixed mode windows-amd64 compressed oops)
# Failed to write core dump. Minidumps are not enabled by default on client versions of Windows
#
# If you would like to submit a bug report, please visit:
#   http://bugreport.sun.com/bugreport/crash.jsp
#

---------------  T H R E A D  ---------------

Current thread (0x000000000064e000):  JavaThread "Unknown thread" [_thread_in_vm, id=6000, stack(0x0000000001dd0000,0x0000000001ed0000)]

Stack: [0x0000000001dd0000,0x0000000001ed0000]

---------------  P R O C E S S  ---------------

Java Threads: ( => current thread )

Other Threads:

=>0x000000000064e000 (exited) JavaThread "Unknown thread" [_thread_in_vm, id=6000, stack(0x0000000001dd0000,0x0000000001ed0000)]

VM state:not at safepoint (not fully initialized)

VM Mutex/Monitor currently owned by a thread: None

GC Heap History (0 events):
No events

Deoptimization events (0 events):
No events

Internal exceptions (0 events):
No events

Events (10 events):
Event: 0.009 loading class 0x0000000001f3d2e0 done
Event: 0.010 loading class 0x0000000001f3cfb0 done
Event: 0.010 loading class 0x0000000001f3d5e0
Event: 0.010 loading class 0x000000000b28e7a0
Event: 0.010 loading class 0x000000000b28e7a0 done
Event: 0.010 loading class 0x000000000b28ec60
Event: 0.010 loading class 0x000000000b28ec60 done
Event: 0.010 loading class 0x0000000001fc87e0
Event: 0.010 loading class 0x0000000001fc87e0 done
Event: 0.010 loading class 0x0000000001f3d5e0 done


Dynamic libraries:
0x00007ff62f2f0000 - 0x00007ff62f323000 	C:\Program Files\Java\jre7\bin\javaw.exe
0x00007fffcf3a0000 - 0x00007fffcf549000 	C:\WINDOWS\SYSTEM32\ntdll.dll
0x00007fffccf80000 - 0x00007fffcd0b9000 	C:\WINDOWS\system32\KERNEL32.DLL
0x00007fffcca80000 - 0x00007fffccb8e000 	C:\WINDOWS\system32\KERNELBASE.dll
0x00007fffcb330000 - 0x00007fffcb3bb000 	C:\WINDOWS\system32\apphelp.dll
0x00007fffbd8d0000 - 0x00007fffbd91c000 	C:\WINDOWS\AppPatch\AppPatch64\AcGenral.DLL
0x00007fffcf290000 - 0x00007fffcf337000 	C:\WINDOWS\system32\msvcrt.dll
0x00007fffcc560000 - 0x00007fffcc58b000 	C:\WINDOWS\SYSTEM32\SspiCli.dll
0x00007fffcf340000 - 0x00007fffcf391000 	C:\WINDOWS\system32\SHLWAPI.dll
0x00007fffceb20000 - 0x00007fffcec91000 	C:\WINDOWS\system32\USER32.dll
0x00007fffcf100000 - 0x00007fffcf276000 	C:\WINDOWS\system32\ole32.dll
0x00007fffcd110000 - 0x00007fffce51f000 	C:\WINDOWS\system32\SHELL32.dll
0x00007fffcbd90000 - 0x00007fffcbdaf000 	C:\WINDOWS\SYSTEM32\USERENV.dll
0x00007fffceca0000 - 0x00007fffced45000 	C:\WINDOWS\system32\ADVAPI32.dll
0x00007fffc0350000 - 0x00007fffc036b000 	C:\WINDOWS\SYSTEM32\MPR.dll
0x00007fffcce40000 - 0x00007fffccf76000 	C:\WINDOWS\system32\RPCRT4.dll
0x00007fffceac0000 - 0x00007fffceb17000 	C:\WINDOWS\SYSTEM32\sechost.dll
0x00007fffccc60000 - 0x00007fffcce37000 	C:\WINDOWS\SYSTEM32\combase.dll
0x00007fffce780000 - 0x00007fffce8c5000 	C:\WINDOWS\system32\GDI32.dll
0x00007fffcc720000 - 0x00007fffcc734000 	C:\WINDOWS\SYSTEM32\profapi.dll
0x00007fffcabb0000 - 0x00007fffcac51000 	C:\WINDOWS\SYSTEM32\SHCORE.dll
0x00007fffcd0c0000 - 0x00007fffcd0f4000 	C:\WINDOWS\system32\IMM32.DLL
0x00007fffce520000 - 0x00007fffce658000 	C:\WINDOWS\system32\MSCTF.dll
0x00007fffca2b0000 - 0x00007fffca50a000 	C:\WINDOWS\WinSxS\amd64_microsoft.windows.common-controls_6595b64144ccf1df_6.0.9600.16384_none_62475f7becb72503\COMCTL32.dll
0x00000000527c0000 - 0x0000000052891000 	C:\Program Files\Java\jre7\bin\msvcr100.dll
0x0000000052090000 - 0x00000000527b1000 	C:\Program Files\Java\jre7\bin\server\jvm.dll
0x00007fffc3730000 - 0x00007fffc3739000 	C:\WINDOWS\SYSTEM32\WSOCK32.dll
0x00007fffc9280000 - 0x00007fffc929f000 	C:\WINDOWS\SYSTEM32\WINMM.dll
0x00007fffceab0000 - 0x00007fffceab7000 	C:\WINDOWS\system32\PSAPI.DLL
0x00007fffce6c0000 - 0x00007fffce718000 	C:\WINDOWS\system32\WS2_32.dll
0x00007fffc9250000 - 0x00007fffc927a000 	C:\WINDOWS\SYSTEM32\WINMMBASE.dll
0x00007fffcd100000 - 0x00007fffcd109000 	C:\WINDOWS\system32\NSI.dll
0x00007fffccb90000 - 0x00007fffccbda000 	C:\WINDOWS\SYSTEM32\cfgmgr32.dll
0x00007fffcb5a0000 - 0x00007fffcb5c6000 	C:\WINDOWS\SYSTEM32\DEVOBJ.dll
0x0000000052080000 - 0x000000005208f000 	C:\Program Files\Java\jre7\bin\verify.dll
0x0000000052050000 - 0x0000000052078000 	C:\Program Files\Java\jre7\bin\java.dll
0x0000000052030000 - 0x0000000052045000 	C:\Program Files\Java\jre7\bin\zip.dll

VM Arguments:
jvm_args: -Dfile.encoding=Cp1252 -Xbootclasspath:C:\Program Files (x86)\Android\android-sdk\platforms\android-19\android.jar 
java_command: org.eclipse.jdt.internal.junit.runner.RemoteTestRunner -version 3 -port 50034 -testLoaderClass org.eclipse.jdt.internal.junit4.runner.JUnit4TestLoader -loaderpluginname org.eclipse.jdt.junit4.runtime -classNames com.tradersgem2.stock.StockTest
Launcher Type: SUN_STANDARD

Environment Variables:
CLASSPATH=.;C:\Program Files (x86)\Java\jre7\lib\ext\QTJava.zip
PATH=C:\Program Files (x86)\AMD APP\bin\x86_64;C:\Program Files (x86)\AMD APP\bin\x86;c:\Program Files (x86)\Intel\iCLS Client\;c:\Program Files\Intel\iCLS Client\;C:\WINDOWS\system32;C:\WINDOWS;C:\WINDOWS\System32\Wbem;C:\WINDOWS\System32\WindowsPowerShell\v1.0\;C:\Program Files\Intel\Intel(R) Management Engine Components\DAL;C:\Program Files\Intel\Intel(R) Management Engine Components\IPT;C:\Program Files (x86)\Intel\Intel(R) Management Engine Components\DAL;C:\Program Files (x86)\Intel\Intel(R) Management Engine Components\IPT;C:\Program Files (x86)\ATI Technologies\ATI.ACE\Core-Static;C:\Program Files\Intel\WiFi\bin\;C:\Program Files\Common Files\Intel\WirelessCommon\;C:\Program Files\MATLAB\R2011a\runtime\win64;C:\Program Files\MATLAB\R2011a\bin;C:\Program Files (x86)\Windows Kits\8.0\Windows Performance Toolkit\;C:\Python27;C:\Python27\Scripts;C:\Program Files (x86)\Notepad++;C:\Python33;C:\Program Files\Java\jre7\bin;C:\Program Files (x86)\Android\android-sdk\platform-tools;C:\Program Files (x86)\QuickTime\QTSystem\;C:\Program Files\Java\jdk1.7.0_21\bin;C:\Program Files\Intel\WiFi\bin\;C:\Program Files\Common Files\Intel\WirelessCommon\
USERNAME=Florida
OS=Windows_NT
PROCESSOR_IDENTIFIER=Intel64 Family 6 Model 42 Stepping 7, GenuineIntel



---------------  S Y S T E M  ---------------

OS: Windows 8 , 64 bit Build 9200 

CPU:total 8 (4 cores per cpu, 2 threads per core) family 6 model 42 stepping 7, cmov, cx8, fxsr, mmx, sse, sse2, sse3, ssse3, sse4.1, sse4.2, popcnt, avx, ht, tsc, tscinvbit

Memory: 4k page, physical 8335212k(5209740k free), swap 16723820k(12905740k free)

vm_info: Java HotSpot(TM) 64-Bit Server VM (23.21-b01) for windows-amd64 JRE (1.7.0_21-b11), built on Apr  4 2013 08:11:28 by "java_re" with unknown MS VC++:1600

time: Tue Dec 03 03:54:54 2013
elapsed time: 0 seconds

